<?xml version="1.0" encoding="UTF-8"?>
<!-- Generated by org.testng.reporters.JUnitReportReporter -->
<testsuite hostname="DESKTOP-5B0EPQO" failures="0" tests="5" name="final_project.class_Test" time="131.862" errors="0" timestamp="2023-04-01T20:02:59 EET" skipped="0">
  <testcase classname="final_project.class_Test" name="Sign_UP" time="13.414"/>
  <system-out/>
  <testcase classname="final_project.class_Test" name="Search_Bar" time="3.705"/>
  <system-out/>
  <testcase classname="final_project.class_Test" name="add_Items" time="72.505"/>
  <system-out/>
  <testcase classname="final_project.class_Test" name="reOrder" time="34.325"/>
  <system-out/>
  <testcase classname="final_project.class_Test" name="Check_Price" time="7.913"/>
  <system-out/>
</testsuite> <!-- final_project.class_Test -->
