<?xml version="1.0" encoding="UTF-8"?>
<!-- Generated by org.testng.reporters.JUnitReportReporter -->
<testsuite hostname="DESKTOP-5B0EPQO" failures="0" tests="1" name="final_project.test" time="15.166" errors="0" timestamp="2023-04-01T20:13:53 EET" skipped="0">
  <testcase classname="final_project.test" name="test" time="15.166"/>
  <system-out/>
</testsuite> <!-- final_project.test -->
