<?xml version="1.0" encoding="UTF-8"?>
<!-- Generated by org.testng.reporters.JUnitReportReporter -->
<testsuite hostname="DESKTOP-5B0EPQO" failures="0" tests="1" name="final_project.tryy" time="16.049" errors="0" timestamp="2023-03-20T10:03:09 EET" skipped="0">
  <testcase classname="final_project.tryy" name="Check_Price" time="16.049"/>
  <system-out/>
</testsuite> <!-- final_project.tryy -->
